<?xml version="1.0" encoding="UTF-8"?>
<!-- Generated by org.testng.reporters.JUnitReportReporter -->
<testsuite skipped="0" hostname="PrekshaPC" name="test.test_class" tests="1" failures="0" timestamp="28 Dec 2019 09:18:52 GMT" time="11.657" errors="0">
  <testcase name="get" time="11.657" classname="test.test_class"/>
</testsuite> <!-- test.test_class -->
