<?xml version="1.0" encoding="UTF-8"?>
<!-- Generated by org.testng.reporters.JUnitReportReporter -->
<testsuite skipped="0" hostname="PrekshaPC" name="testngpackage.windowhandles" tests="1" failures="0" timestamp="2019-12-14T14:56:31 IST" time="17.717" errors="0">
  <testcase name="visitdemotab" time="17.717" classname="testngpackage.windowhandles"/>
</testsuite> <!-- testngpackage.windowhandles -->
