<?xml version="1.0" encoding="UTF-8"?>
<!-- Generated by org.testng.reporters.JUnitReportReporter -->
<testsuite skipped="0" hostname="PrekshaPC" name="testngpackage.Demopage" tests="1" failures="0" timestamp="2019-12-14T14:56:31 IST" time="8.691" errors="0">
  <testcase name="visitdemotab" time="8.691" classname="testngpackage.Demopage"/>
</testsuite> <!-- testngpackage.Demopage -->
