<?xml version="1.0" encoding="UTF-8"?>
<!-- Generated by org.testng.reporters.JUnitReportReporter -->
<testsuite skipped="0" hostname="PrekshaPC" name="testngpackage.Facebook" tests="1" failures="0" timestamp="2020-03-08T11:58:33 IST" time="20.344" errors="0">
  <testcase name="input" time="20.344" classname="testngpackage.Facebook"/>
</testsuite> <!-- testngpackage.Facebook -->
